<?xml version="1.0" encoding="UTF-8"?>
<testng-results skipped="0" failed="0" ignored="0" total="14" passed="14">
  <reporter-output>
  </reporter-output>
  <suite name="Loan Department" duration-ms="106" started-at="2020-04-22T16:47:58 EDT" finished-at="2020-04-22T16:47:58 EDT">
    <groups>
      <group name="Smoke">
        <method signature="Demo1Test.Demo()[pri:0, instance:Ovi_Test.Demo1Test@6e0e048a]" name="Demo" class="Ovi_Test.Demo1Test"/>
        <method signature="Demo2Test.ploan()[pri:0, instance:Ovi_Test.Demo2Test@5b87ed94]" name="ploan" class="Ovi_Test.Demo2Test"/>
        <method signature="Demo3Test.MobileSignInCarLoan()[pri:0, instance:Ovi_Test.Demo3Test@7fac631b]" name="MobileSignInCarLoan" class="Ovi_Test.Demo3Test"/>
        <method signature="Demo3Test.MobileloginCarLoan()[pri:0, instance:Ovi_Test.Demo3Test@7fac631b]" name="MobileloginCarLoan" class="Ovi_Test.Demo3Test"/>
        <method signature="Demo4Test.LoginApiHomeloan()[pri:0, instance:Ovi_Test.Demo4Test@5bc79255]" name="LoginApiHomeloan" class="Ovi_Test.Demo4Test"/>
        <method signature="Demo4Test.MobileLogicHomeLoan()[pri:0, instance:Ovi_Test.Demo4Test@5bc79255]" name="MobileLogicHomeLoan" class="Ovi_Test.Demo4Test"/>
      </group> <!-- Smoke -->
    </groups>
    <test name="Personal Loan" duration-ms="106" started-at="2020-04-22T16:47:58 EDT" finished-at="2020-04-22T16:47:58 EDT">
      <class name="Ovi_Test.Demo2Test">
        <test-method status="PASS" signature="prerequisite()[pri:0, instance:Ovi_Test.Demo2Test@5b87ed94]" name="prerequisite" is-config="true" duration-ms="1" started-at="2020-04-22T16:47:58 EDT" finished-at="2020-04-22T16:47:58 EDT">
          <reporter-output>
          </reporter-output>
        </test-method> <!-- prerequisite -->
        <test-method status="PASS" signature="ploan()[pri:0, instance:Ovi_Test.Demo2Test@5b87ed94]" name="ploan" duration-ms="1" started-at="2020-04-22T16:47:58 EDT" finished-at="2020-04-22T16:47:58 EDT">
          <reporter-output>
          </reporter-output>
        </test-method> <!-- ploan -->
      </class> <!-- Ovi_Test.Demo2Test -->
      <class name="Ovi_Test.Demo3Test">
        <test-method status="PASS" signature="BeforeSuite()[pri:0, instance:Ovi_Test.Demo3Test@7fac631b]" name="BeforeSuite" is-config="true" duration-ms="18" started-at="2020-04-22T16:47:58 EDT" finished-at="2020-04-22T16:47:58 EDT">
          <reporter-output>
          </reporter-output>
        </test-method> <!-- BeforeSuite -->
        <test-method status="PASS" signature="BeforeMethod()[pri:0, instance:Ovi_Test.Demo3Test@7fac631b]" name="BeforeMethod" is-config="true" duration-ms="1" started-at="2020-04-22T16:47:58 EDT" finished-at="2020-04-22T16:47:58 EDT">
          <reporter-output>
          </reporter-output>
        </test-method> <!-- BeforeMethod -->
        <test-method status="PASS" signature="BeforeMethod2()[pri:0, instance:Ovi_Test.Demo3Test@7fac631b]" name="BeforeMethod2" is-config="true" duration-ms="1" started-at="2020-04-22T16:47:58 EDT" finished-at="2020-04-22T16:47:58 EDT">
          <reporter-output>
          </reporter-output>
        </test-method> <!-- BeforeMethod2 -->
        <test-method status="PASS" signature="LoginApiCarloan()[pri:0, instance:Ovi_Test.Demo3Test@7fac631b]" name="LoginApiCarloan" duration-ms="0" started-at="2020-04-22T16:47:58 EDT" finished-at="2020-04-22T16:47:58 EDT">
          <reporter-output>
          </reporter-output>
        </test-method> <!-- LoginApiCarloan -->
        <test-method status="PASS" signature="BeforeMethod()[pri:0, instance:Ovi_Test.Demo3Test@7fac631b]" name="BeforeMethod" is-config="true" duration-ms="1" started-at="2020-04-22T16:47:58 EDT" finished-at="2020-04-22T16:47:58 EDT">
          <reporter-output>
          </reporter-output>
        </test-method> <!-- BeforeMethod -->
        <test-method status="PASS" signature="BeforeMethod2()[pri:0, instance:Ovi_Test.Demo3Test@7fac631b]" name="BeforeMethod2" is-config="true" duration-ms="1" started-at="2020-04-22T16:47:58 EDT" finished-at="2020-04-22T16:47:58 EDT">
          <reporter-output>
          </reporter-output>
        </test-method> <!-- BeforeMethod2 -->
        <test-method status="PASS" signature="MobileLogicCarLoan(java.lang.String, java.lang.String)[pri:0, instance:Ovi_Test.Demo3Test@7fac631b]" name="MobileLogicCarLoan" duration-ms="2" started-at="2020-04-22T16:47:58 EDT" data-provider="getData" finished-at="2020-04-22T16:47:58 EDT">
          <params>
            <param index="0">
              <value>
                <![CDATA[firstsetusername]]>
              </value>
            </param>
            <param index="1">
              <value>
                <![CDATA[firstpassword]]>
              </value>
            </param>
          </params>
          <reporter-output>
          </reporter-output>
        </test-method> <!-- MobileLogicCarLoan -->
        <test-method status="PASS" signature="BeforeMethod()[pri:0, instance:Ovi_Test.Demo3Test@7fac631b]" name="BeforeMethod" is-config="true" duration-ms="1" started-at="2020-04-22T16:47:58 EDT" finished-at="2020-04-22T16:47:58 EDT">
          <reporter-output>
          </reporter-output>
        </test-method> <!-- BeforeMethod -->
        <test-method status="PASS" signature="BeforeMethod2()[pri:0, instance:Ovi_Test.Demo3Test@7fac631b]" name="BeforeMethod2" is-config="true" duration-ms="1" started-at="2020-04-22T16:47:58 EDT" finished-at="2020-04-22T16:47:58 EDT">
          <reporter-output>
          </reporter-output>
        </test-method> <!-- BeforeMethod2 -->
        <test-method status="PASS" signature="MobileLogicCarLoan(java.lang.String, java.lang.String)[pri:0, instance:Ovi_Test.Demo3Test@7fac631b]" name="MobileLogicCarLoan" duration-ms="0" started-at="2020-04-22T16:47:58 EDT" data-provider="getData" finished-at="2020-04-22T16:47:58 EDT">
          <params>
            <param index="0">
              <value>
                <![CDATA[secondsetusername]]>
              </value>
            </param>
            <param index="1">
              <value>
                <![CDATA[secondpassword]]>
              </value>
            </param>
          </params>
          <reporter-output>
          </reporter-output>
        </test-method> <!-- MobileLogicCarLoan -->
        <test-method status="PASS" signature="BeforeMethod()[pri:0, instance:Ovi_Test.Demo3Test@7fac631b]" name="BeforeMethod" is-config="true" duration-ms="0" started-at="2020-04-22T16:47:58 EDT" finished-at="2020-04-22T16:47:58 EDT">
          <reporter-output>
          </reporter-output>
        </test-method> <!-- BeforeMethod -->
        <test-method status="PASS" signature="BeforeMethod2()[pri:0, instance:Ovi_Test.Demo3Test@7fac631b]" name="BeforeMethod2" is-config="true" duration-ms="1" started-at="2020-04-22T16:47:58 EDT" finished-at="2020-04-22T16:47:58 EDT">
          <reporter-output>
          </reporter-output>
        </test-method> <!-- BeforeMethod2 -->
        <test-method status="PASS" signature="MobileLogicCarLoan(java.lang.String, java.lang.String)[pri:0, instance:Ovi_Test.Demo3Test@7fac631b]" name="MobileLogicCarLoan" duration-ms="0" started-at="2020-04-22T16:47:58 EDT" data-provider="getData" finished-at="2020-04-22T16:47:58 EDT">
          <params>
            <param index="0">
              <value>
                <![CDATA[thirdsetusername]]>
              </value>
            </param>
            <param index="1">
              <value>
                <![CDATA[thirdpassword]]>
              </value>
            </param>
          </params>
          <reporter-output>
          </reporter-output>
        </test-method> <!-- MobileLogicCarLoan -->
        <test-method status="PASS" signature="BeforeMethod()[pri:0, instance:Ovi_Test.Demo3Test@7fac631b]" name="BeforeMethod" is-config="true" duration-ms="0" started-at="2020-04-22T16:47:58 EDT" finished-at="2020-04-22T16:47:58 EDT">
          <reporter-output>
          </reporter-output>
        </test-method> <!-- BeforeMethod -->
        <test-method status="PASS" signature="BeforeMethod2()[pri:0, instance:Ovi_Test.Demo3Test@7fac631b]" name="BeforeMethod2" is-config="true" duration-ms="1" started-at="2020-04-22T16:47:58 EDT" finished-at="2020-04-22T16:47:58 EDT">
          <reporter-output>
          </reporter-output>
        </test-method> <!-- BeforeMethod2 -->
        <test-method status="PASS" signature="MobileSignInCarLoan()[pri:0, instance:Ovi_Test.Demo3Test@7fac631b]" name="MobileSignInCarLoan" duration-ms="0" started-at="2020-04-22T16:47:58 EDT" finished-at="2020-04-22T16:47:58 EDT">
          <reporter-output>
          </reporter-output>
        </test-method> <!-- MobileSignInCarLoan -->
        <test-method status="PASS" signature="BeforeMethod()[pri:0, instance:Ovi_Test.Demo3Test@7fac631b]" name="BeforeMethod" is-config="true" duration-ms="0" started-at="2020-04-22T16:47:58 EDT" finished-at="2020-04-22T16:47:58 EDT">
          <reporter-output>
          </reporter-output>
        </test-method> <!-- BeforeMethod -->
        <test-method status="PASS" signature="BeforeMethod2()[pri:0, instance:Ovi_Test.Demo3Test@7fac631b]" name="BeforeMethod2" is-config="true" duration-ms="1" started-at="2020-04-22T16:47:58 EDT" finished-at="2020-04-22T16:47:58 EDT">
          <reporter-output>
          </reporter-output>
        </test-method> <!-- BeforeMethod2 -->
        <test-method status="PASS" signature="MobileSignOutCarLoan()[pri:0, instance:Ovi_Test.Demo3Test@7fac631b]" name="MobileSignOutCarLoan" duration-ms="6" started-at="2020-04-22T16:47:58 EDT" finished-at="2020-04-22T16:47:58 EDT">
          <reporter-output>
          </reporter-output>
        </test-method> <!-- MobileSignOutCarLoan -->
        <test-method status="PASS" signature="BeforeMethod()[pri:0, instance:Ovi_Test.Demo3Test@7fac631b]" name="BeforeMethod" is-config="true" duration-ms="1" started-at="2020-04-22T16:47:58 EDT" finished-at="2020-04-22T16:47:58 EDT">
          <reporter-output>
          </reporter-output>
        </test-method> <!-- BeforeMethod -->
        <test-method status="PASS" signature="BeforeMethod2()[pri:0, instance:Ovi_Test.Demo3Test@7fac631b]" name="BeforeMethod2" is-config="true" duration-ms="0" started-at="2020-04-22T16:47:58 EDT" finished-at="2020-04-22T16:47:58 EDT">
          <reporter-output>
          </reporter-output>
        </test-method> <!-- BeforeMethod2 -->
        <test-method status="PASS" signature="MobileloginCarLoan()[pri:0, instance:Ovi_Test.Demo3Test@7fac631b]" name="MobileloginCarLoan" duration-ms="1" started-at="2020-04-22T16:47:58 EDT" finished-at="2020-04-22T16:47:58 EDT">
          <reporter-output>
          </reporter-output>
        </test-method> <!-- MobileloginCarLoan -->
        <test-method status="PASS" signature="BeforeMethod()[pri:0, instance:Ovi_Test.Demo3Test@7fac631b]" name="BeforeMethod" is-config="true" duration-ms="0" started-at="2020-04-22T16:47:58 EDT" finished-at="2020-04-22T16:47:58 EDT">
          <reporter-output>
          </reporter-output>
        </test-method> <!-- BeforeMethod -->
        <test-method status="PASS" signature="BeforeMethod2()[pri:0, instance:Ovi_Test.Demo3Test@7fac631b]" name="BeforeMethod2" is-config="true" duration-ms="1" started-at="2020-04-22T16:47:58 EDT" finished-at="2020-04-22T16:47:58 EDT">
          <reporter-output>
          </reporter-output>
        </test-method> <!-- BeforeMethod2 -->
        <test-method status="PASS" signature="WebloginCarLoan(java.lang.String)[pri:0, instance:Ovi_Test.Demo3Test@7fac631b]" name="WebloginCarLoan" duration-ms="0" started-at="2020-04-22T16:47:58 EDT" finished-at="2020-04-22T16:47:58 EDT">
          <params>
            <param index="0">
              <value>
                <![CDATA[quickacademy.com]]>
              </value>
            </param>
          </params>
          <reporter-output>
          </reporter-output>
        </test-method> <!-- WebloginCarLoan -->
        <test-method status="PASS" signature="AfterClass()[pri:0, instance:Ovi_Test.Demo3Test@7fac631b]" name="AfterClass" is-config="true" duration-ms="1" started-at="2020-04-22T16:47:58 EDT" finished-at="2020-04-22T16:47:58 EDT">
          <reporter-output>
          </reporter-output>
        </test-method> <!-- AfterClass -->
      </class> <!-- Ovi_Test.Demo3Test -->
      <class name="Ovi_Test.Demo4Test">
        <test-method status="PASS" signature="LoginApiHomeloan()[pri:0, instance:Ovi_Test.Demo4Test@5bc79255]" name="LoginApiHomeloan" duration-ms="0" started-at="2020-04-22T16:47:58 EDT" finished-at="2020-04-22T16:47:58 EDT">
          <reporter-output>
          </reporter-output>
        </test-method> <!-- LoginApiHomeloan -->
        <test-method status="PASS" signature="MobileLogicHomeLoan()[pri:0, instance:Ovi_Test.Demo4Test@5bc79255]" name="MobileLogicHomeLoan" duration-ms="1" started-at="2020-04-22T16:47:58 EDT" finished-at="2020-04-22T16:47:58 EDT">
          <reporter-output>
          </reporter-output>
        </test-method> <!-- MobileLogicHomeLoan -->
        <test-method status="PASS" signature="WebloginHomeLoan()[pri:0, instance:Ovi_Test.Demo4Test@5bc79255]" name="WebloginHomeLoan" duration-ms="0" started-at="2020-04-22T16:47:58 EDT" finished-at="2020-04-22T16:47:58 EDT">
          <reporter-output>
          </reporter-output>
        </test-method> <!-- WebloginHomeLoan -->
      </class> <!-- Ovi_Test.Demo4Test -->
      <class name="Ovi_Test.Demo1Test">
        <test-method status="PASS" signature="Demo()[pri:0, instance:Ovi_Test.Demo1Test@6e0e048a]" name="Demo" duration-ms="3" started-at="2020-04-22T16:47:58 EDT" finished-at="2020-04-22T16:47:58 EDT">
          <reporter-output>
          </reporter-output>
        </test-method> <!-- Demo -->
        <test-method status="PASS" signature="SecondTest()[pri:0, instance:Ovi_Test.Demo1Test@6e0e048a]" name="SecondTest" duration-ms="0" started-at="2020-04-22T16:47:58 EDT" finished-at="2020-04-22T16:47:58 EDT">
          <reporter-output>
          </reporter-output>
        </test-method> <!-- SecondTest -->
        <test-method status="PASS" signature="LastExecution()[pri:0, instance:Ovi_Test.Demo1Test@6e0e048a]" name="LastExecution" is-config="true" duration-ms="1" started-at="2020-04-22T16:47:58 EDT" finished-at="2020-04-22T16:47:58 EDT">
          <reporter-output>
          </reporter-output>
        </test-method> <!-- LastExecution -->
      </class> <!-- Ovi_Test.Demo1Test -->
    </test> <!-- Personal Loan -->
  </suite> <!-- Loan Department -->
</testng-results>
