<?xml version="1.0" encoding="UTF-8"?>
<!-- Generated by org.testng.reporters.JUnitXMLReporter -->
<testsuite hostname="DESKTOP-42B8VHB" ignored="4" name="Car Loan" tests="7" failures="0" timestamp="2020-04-22T16:42:22 EDT" time="0.045" errors="0">
  <testcase name="LoginApiCarloan" time="0.001" classname="Ovi_Test.Demo3Test"/>
  <testcase name="Demo" time="0.004" classname="Ovi_Test.Demo1Test"/>
  <testcase name="ploan" time="0.002" classname="Ovi_Test.Demo2Test"/>
  <testcase name="LoginApiHomeloan" time="0.0" classname="Ovi_Test.Demo4Test"/>
  <testcase name="MobileLogicHomeLoan" time="0.0" classname="Ovi_Test.Demo4Test"/>
  <testcase name="WebloginHomeLoan" time="0.0" classname="Ovi_Test.Demo4Test"/>
  <testcase name="WebloginCarLoan" time="0.001" classname="Ovi_Test.Demo3Test"/>
  <testcase name="MobileLogicCarLoan" time="0.0" classname="Ovi_Test.Demo3Test">
    <ignored/>
  </testcase> <!-- MobileLogicCarLoan -->
  <testcase name="MobileloginCarLoan" time="0.0" classname="Ovi_Test.Demo3Test">
    <ignored/>
  </testcase> <!-- MobileloginCarLoan -->
  <testcase name="MobileSignOutCarLoan" time="0.0" classname="Ovi_Test.Demo3Test">
    <ignored/>
  </testcase> <!-- MobileSignOutCarLoan -->
  <testcase name="MobileSignInCarLoan" time="0.0" classname="Ovi_Test.Demo3Test">
    <ignored/>
  </testcase> <!-- MobileSignInCarLoan -->
</testsuite> <!-- Car Loan -->
